{
"contracts/BlankHoodie.sol":{"l":{"28":13,"29":12,"30":12,"31":11,"33":8,"37":4,"39":3,"49":3,"54":2,"55":2,"61":1,"65":18,"69":1,"73":1,"74":1,"78":2},"path":"/home/ldzoid/Code/blank/LucijanDrnasin/contracts/BlankHoodie.sol","s":{"1":13,"2":12,"3":12,"4":11,"5":8,"6":4,"7":3,"8":3,"9":2,"10":2,"11":1,"12":18,"13":1,"14":1,"15":1,"16":2},"b":{"1":[1,12],"2":[0,12],"3":[1,11],"4":[3,8],"5":[1,3],"6":[2,1],"7":[1,0]},"f":{"1":48,"2":13,"3":4,"4":3,"5":1,"6":18,"7":1,"8":1,"9":2},"fnMap":{"1":{"name":"constructor","line":24,"loc":{"start":{"line":24,"column":4},"end":{"line":24,"column":53}}},"2":{"name":"mint","line":26,"loc":{"start":{"line":26,"column":4},"end":{"line":34,"column":4}}},"3":{"name":"airDrop","line":36,"loc":{"start":{"line":36,"column":4},"end":{"line":40,"column":4}}},"4":{"name":"tokenURI","line":42,"loc":{"start":{"line":42,"column":4},"end":{"line":58,"column":4}}},"5":{"name":"setBaseURI","line":60,"loc":{"start":{"line":60,"column":4},"end":{"line":62,"column":4}}},"6":{"name":"setPaused","line":64,"loc":{"start":{"line":64,"column":4},"end":{"line":66,"column":4}}},"7":{"name":"setCost","line":68,"loc":{"start":{"line":68,"column":4},"end":{"line":70,"column":4}}},"8":{"name":"withdraw","line":72,"loc":{"start":{"line":72,"column":4},"end":{"line":75,"column":4}}},"9":{"name":"_baseURI","line":77,"loc":{"start":{"line":77,"column":4},"end":{"line":79,"column":4}}}},"statementMap":{"1":{"start":{"line":28,"column":8},"end":{"line":28,"column":45}},"2":{"start":{"line":29,"column":8},"end":{"line":29,"column":53}},"3":{"start":{"line":30,"column":8},"end":{"line":30,"column":79}},"4":{"start":{"line":31,"column":8},"end":{"line":31,"column":70}},"5":{"start":{"line":33,"column":8},"end":{"line":33,"column":37}},"6":{"start":{"line":37,"column":8},"end":{"line":37,"column":75}},"7":{"start":{"line":39,"column":8},"end":{"line":39,"column":26}},"8":{"start":{"line":49,"column":8},"end":{"line":49,"column":1297}},"9":{"start":{"line":54,"column":8},"end":{"line":54,"column":49}},"10":{"start":{"line":55,"column":8},"end":{"line":55,"column":1478}},"11":{"start":{"line":61,"column":8},"end":{"line":61,"column":28}},"12":{"start":{"line":65,"column":8},"end":{"line":65,"column":22}},"13":{"start":{"line":69,"column":8},"end":{"line":69,"column":20}},"14":{"start":{"line":73,"column":8},"end":{"line":73,"column":78}},"15":{"start":{"line":74,"column":8},"end":{"line":74,"column":38}},"16":{"start":{"line":78,"column":8},"end":{"line":78,"column":22}}},"branchMap":{"1":{"line":28,"type":"if","locations":[{"start":{"line":28,"column":8},"end":{"line":28,"column":8}},{"start":{"line":28,"column":8},"end":{"line":28,"column":8}}]},"2":{"line":29,"type":"if","locations":[{"start":{"line":29,"column":8},"end":{"line":29,"column":8}},{"start":{"line":29,"column":8},"end":{"line":29,"column":8}}]},"3":{"line":30,"type":"if","locations":[{"start":{"line":30,"column":8},"end":{"line":30,"column":8}},{"start":{"line":30,"column":8},"end":{"line":30,"column":8}}]},"4":{"line":31,"type":"if","locations":[{"start":{"line":31,"column":8},"end":{"line":31,"column":8}},{"start":{"line":31,"column":8},"end":{"line":31,"column":8}}]},"5":{"line":37,"type":"if","locations":[{"start":{"line":37,"column":8},"end":{"line":37,"column":8}},{"start":{"line":37,"column":8},"end":{"line":37,"column":8}}]},"6":{"line":49,"type":"if","locations":[{"start":{"line":49,"column":8},"end":{"line":49,"column":8}},{"start":{"line":49,"column":8},"end":{"line":49,"column":8}}]},"7":{"line":74,"type":"if","locations":[{"start":{"line":74,"column":8},"end":{"line":74,"column":8}},{"start":{"line":74,"column":8},"end":{"line":74,"column":8}}]}}},
"contracts/Context.sol":{"l":{"16":78,"20":0},"path":"/home/ldzoid/Code/blank/LucijanDrnasin/contracts/Context.sol","s":{"1":78,"2":0},"b":{},"f":{"1":78,"2":0},"fnMap":{"1":{"name":"_msgSender","line":15,"loc":{"start":{"line":15,"column":4},"end":{"line":17,"column":4}}},"2":{"name":"_msgData","line":19,"loc":{"start":{"line":19,"column":4},"end":{"line":21,"column":4}}}},"statementMap":{"1":{"start":{"line":16,"column":8},"end":{"line":16,"column":25}},"2":{"start":{"line":20,"column":8},"end":{"line":20,"column":23}}},"branchMap":{}},
"contracts/ERC721A.sol":{"l":{"141":48,"142":48,"143":48,"155":70,"162":0,"173":16,"174":16,"184":0,"185":0,"193":0,"204":5,"205":5,"212":0,"219":0,"226":0,"234":0,"235":0,"237":0,"240":0,"241":0,"261":0,"275":0,"282":0,"289":0,"291":0,"292":0,"301":0,"316":3,"324":0,"331":0,"338":0,"339":0,"347":3,"349":3,"350":3,"351":3,"352":3,"354":3,"364":3,"365":2,"367":3,"371":0,"378":0,"379":0,"380":0,"381":0,"388":11,"401":11,"426":0,"428":0,"429":0,"430":0,"433":0,"434":0,"445":0,"447":0,"462":0,"464":0,"465":0,"474":0,"485":3,"499":0,"517":0,"519":0,"547":0,"549":0,"551":0,"554":0,"555":0,"557":0,"559":0,"562":0,"572":0,"574":0,"575":0,"582":0,"588":0,"589":0,"591":0,"593":0,"595":0,"601":0,"602":0,"613":0,"637":0,"638":0,"639":0,"640":0,"706":0,"709":0,"711":0,"712":0,"714":0,"736":11,"737":11,"739":11,"744":11,"750":11,"757":11,"762":11,"763":11,"766":11,"788":11,"790":11,"792":11,"817":0,"818":0,"819":0,"820":0,"822":0,"825":0,"831":0,"838":0,"843":0,"845":0,"847":0,"868":0,"870":0,"871":0,"872":0,"873":0,"874":0,"880":0,"889":0,"900":0,"914":0,"916":0,"918":0,"920":0,"922":0,"923":0,"926":0,"929":0,"939":0,"946":0,"953":0,"959":0,"960":0,"962":0,"964":0,"966":0,"972":0,"973":0,"976":0,"977":0,"989":0,"990":0,"991":0,"993":0,"996":0,"997":0,"1029":11,"1030":11,"1043":0,"1050":0},"path":"/home/ldzoid/Code/blank/LucijanDrnasin/contracts/ERC721A.sol","s":{"1":48,"2":48,"3":48,"4":70,"5":0,"6":16,"7":0,"8":0,"9":5,"10":5,"11":0,"12":0,"13":0,"14":0,"15":0,"16":0,"17":0,"18":0,"19":0,"20":0,"21":0,"22":0,"23":0,"24":0,"25":3,"26":0,"27":0,"28":0,"29":0,"30":3,"31":3,"32":3,"33":3,"34":3,"35":3,"36":2,"37":3,"38":0,"39":0,"40":0,"41":0,"42":0,"43":0,"44":0,"45":0,"46":0,"47":0,"48":0,"49":0,"50":0,"51":0,"52":0,"53":3,"54":0,"55":0,"56":0,"57":0,"58":0,"59":0,"60":0,"61":0,"62":0,"63":0,"64":0,"65":0,"66":0,"67":0,"68":0,"69":0,"70":0,"71":0,"72":0,"73":0,"74":0,"75":0,"76":0,"77":11,"78":11,"79":11,"80":11,"81":11,"82":11,"83":11,"84":11,"85":11,"86":11,"87":0,"88":0,"89":0,"90":0,"91":0,"92":0,"93":0,"94":0,"95":0,"96":0,"97":0,"98":0,"99":0,"100":0,"101":0,"102":0,"103":0,"104":0,"105":0,"106":0,"107":0,"108":0,"109":0,"110":0,"111":0,"112":0,"113":0,"114":0,"115":0,"116":0,"117":0,"118":0,"119":0,"120":0,"121":0,"122":0,"123":0,"124":0,"125":0,"126":11,"127":11,"128":0},"b":{"1":[0,5],"2":[0,0],"3":[0,0],"4":[3,0],"5":[3,0],"6":[3,0],"7":[0,0],"8":[0,0],"9":[0,0],"10":[0,0],"11":[0,0],"12":[0,0],"13":[0,0],"14":[0,0],"15":[0,0],"16":[0,0],"17":[0,0],"18":[0,0],"19":[0,0],"20":[0,0],"21":[0,11],"22":[0,11],"23":[0,0],"24":[0,0],"25":[0,0],"26":[0,0],"27":[0,0],"28":[0,0],"29":[0,0],"30":[0,0],"31":[0,0],"32":[0,0],"33":[0,0],"34":[0,0]},"f":{"1":48,"2":70,"3":0,"4":16,"5":0,"6":0,"7":5,"8":0,"9":0,"10":0,"11":0,"12":0,"13":0,"14":0,"15":0,"16":0,"17":3,"18":0,"19":0,"20":0,"21":3,"22":0,"23":11,"24":11,"25":0,"26":0,"27":0,"28":0,"29":3,"30":0,"31":0,"32":0,"33":0,"34":0,"35":11,"36":11,"37":0,"38":11,"39":0,"40":0,"41":0,"42":0,"43":0,"44":0,"45":11,"46":11,"47":0,"48":0},"fnMap":{"1":{"name":"constructor","line":140,"loc":{"start":{"line":140,"column":4},"end":{"line":144,"column":4}}},"2":{"name":"_startTokenId","line":154,"loc":{"start":{"line":154,"column":4},"end":{"line":156,"column":4}}},"3":{"name":"_nextTokenId","line":161,"loc":{"start":{"line":161,"column":4},"end":{"line":163,"column":4}}},"4":{"name":"totalSupply","line":170,"loc":{"start":{"line":170,"column":4},"end":{"line":176,"column":4}}},"5":{"name":"_totalMinted","line":181,"loc":{"start":{"line":181,"column":4},"end":{"line":187,"column":4}}},"6":{"name":"_totalBurned","line":192,"loc":{"start":{"line":192,"column":4},"end":{"line":194,"column":4}}},"7":{"name":"balanceOf","line":203,"loc":{"start":{"line":203,"column":4},"end":{"line":206,"column":4}}},"8":{"name":"_numberMinted","line":211,"loc":{"start":{"line":211,"column":4},"end":{"line":213,"column":4}}},"9":{"name":"_numberBurned","line":218,"loc":{"start":{"line":218,"column":4},"end":{"line":220,"column":4}}},"10":{"name":"_getAux","line":225,"loc":{"start":{"line":225,"column":4},"end":{"line":227,"column":4}}},"11":{"name":"_setAux","line":233,"loc":{"start":{"line":233,"column":4},"end":{"line":242,"column":4}}},"12":{"name":"supportsInterface","line":256,"loc":{"start":{"line":256,"column":4},"end":{"line":265,"column":4}}},"13":{"name":"name","line":274,"loc":{"start":{"line":274,"column":4},"end":{"line":276,"column":4}}},"14":{"name":"symbol","line":281,"loc":{"start":{"line":281,"column":4},"end":{"line":283,"column":4}}},"15":{"name":"tokenURI","line":288,"loc":{"start":{"line":288,"column":4},"end":{"line":293,"column":4}}},"16":{"name":"_baseURI","line":300,"loc":{"start":{"line":300,"column":4},"end":{"line":302,"column":4}}},"17":{"name":"ownerOf","line":315,"loc":{"start":{"line":315,"column":4},"end":{"line":317,"column":4}}},"18":{"name":"_ownershipOf","line":323,"loc":{"start":{"line":323,"column":4},"end":{"line":325,"column":4}}},"19":{"name":"_ownershipAt","line":330,"loc":{"start":{"line":330,"column":4},"end":{"line":332,"column":4}}},"20":{"name":"_initializeOwnershipAt","line":337,"loc":{"start":{"line":337,"column":4},"end":{"line":341,"column":4}}},"21":{"name":"_packedOwnershipOf","line":346,"loc":{"start":{"line":346,"column":4},"end":{"line":372,"column":4}}},"22":{"name":"_unpackedOwnership","line":377,"loc":{"start":{"line":377,"column":4},"end":{"line":382,"column":4}}},"23":{"name":"_packOwnershipData","line":387,"loc":{"start":{"line":387,"column":4},"end":{"line":394,"column":4}}},"24":{"name":"_nextInitializedFlag","line":399,"loc":{"start":{"line":399,"column":4},"end":{"line":405,"column":4}}},"25":{"name":"approve","line":425,"loc":{"start":{"line":425,"column":4},"end":{"line":435,"column":4}}},"26":{"name":"getApproved","line":444,"loc":{"start":{"line":444,"column":4},"end":{"line":448,"column":4}}},"27":{"name":"setApprovalForAll","line":461,"loc":{"start":{"line":461,"column":4},"end":{"line":466,"column":4}}},"28":{"name":"isApprovedForAll","line":473,"loc":{"start":{"line":473,"column":4},"end":{"line":475,"column":4}}},"29":{"name":"_exists","line":484,"loc":{"start":{"line":484,"column":4},"end":{"line":489,"column":4}}},"30":{"name":"_isSenderApprovedOrOwner","line":494,"loc":{"start":{"line":494,"column":4},"end":{"line":507,"column":4}}},"31":{"name":"_getApprovedSlotAndAddress","line":512,"loc":{"start":{"line":512,"column":4},"end":{"line":523,"column":4}}},"32":{"name":"transferFrom","line":542,"loc":{"start":{"line":542,"column":4},"end":{"line":603,"column":4}}},"33":{"name":"safeTransferFrom","line":608,"loc":{"start":{"line":608,"column":4},"end":{"line":614,"column":4}}},"34":{"name":"safeTransferFrom","line":631,"loc":{"start":{"line":631,"column":4},"end":{"line":642,"column":4}}},"35":{"name":"_beforeTokenTransfers","line":660,"loc":{"start":{"line":660,"column":4},"end":{"line":665,"column":24}}},"36":{"name":"_afterTokenTransfers","line":683,"loc":{"start":{"line":683,"column":4},"end":{"line":688,"column":24}}},"37":{"name":"_checkContractOnERC721Received","line":700,"loc":{"start":{"line":700,"column":4},"end":{"line":719,"column":4}}},"38":{"name":"_mint","line":735,"loc":{"start":{"line":735,"column":4},"end":{"line":793,"column":4}}},"39":{"name":"_mintERC2309","line":816,"loc":{"start":{"line":816,"column":4},"end":{"line":848,"column":4}}},"40":{"name":"_safeMint","line":863,"loc":{"start":{"line":863,"column":4},"end":{"line":883,"column":4}}},"41":{"name":"_safeMint","line":888,"loc":{"start":{"line":888,"column":4},"end":{"line":890,"column":4}}},"42":{"name":"_burn","line":899,"loc":{"start":{"line":899,"column":4},"end":{"line":901,"column":4}}},"43":{"name":"_burn","line":913,"loc":{"start":{"line":913,"column":4},"end":{"line":979,"column":4}}},"44":{"name":"_setExtraDataAt","line":988,"loc":{"start":{"line":988,"column":4},"end":{"line":998,"column":4}}},"45":{"name":"_extraData","line":1014,"loc":{"start":{"line":1014,"column":4},"end":{"line":1018,"column":46}}},"46":{"name":"_nextExtraData","line":1024,"loc":{"start":{"line":1024,"column":4},"end":{"line":1031,"column":4}}},"47":{"name":"_msgSenderERC721A","line":1042,"loc":{"start":{"line":1042,"column":4},"end":{"line":1044,"column":4}}},"48":{"name":"_toString","line":1049,"loc":{"start":{"line":1049,"column":4},"end":{"line":1090,"column":4}}}},"statementMap":{"1":{"start":{"line":141,"column":8},"end":{"line":141,"column":20}},"2":{"start":{"line":142,"column":8},"end":{"line":142,"column":24}},"3":{"start":{"line":143,"column":8},"end":{"line":143,"column":38}},"4":{"start":{"line":155,"column":8},"end":{"line":155,"column":16}},"5":{"start":{"line":162,"column":8},"end":{"line":162,"column":28}},"6":{"start":{"line":174,"column":12},"end":{"line":174,"column":65}},"7":{"start":{"line":185,"column":12},"end":{"line":185,"column":50}},"8":{"start":{"line":193,"column":8},"end":{"line":193,"column":27}},"9":{"start":{"line":204,"column":8},"end":{"line":204,"column":68}},"10":{"start":{"line":205,"column":8},"end":{"line":205,"column":70}},"11":{"start":{"line":212,"column":8},"end":{"line":212,"column":97}},"12":{"start":{"line":219,"column":8},"end":{"line":219,"column":97}},"13":{"start":{"line":226,"column":8},"end":{"line":226,"column":63}},"14":{"start":{"line":234,"column":8},"end":{"line":234,"column":50}},"15":{"start":{"line":235,"column":8},"end":{"line":235,"column":25}},"16":{"start":{"line":240,"column":8},"end":{"line":240,"column":79}},"17":{"start":{"line":241,"column":8},"end":{"line":241,"column":41}},"18":{"start":{"line":261,"column":8},"end":{"line":261,"column":9534}},"19":{"start":{"line":275,"column":8},"end":{"line":275,"column":20}},"20":{"start":{"line":282,"column":8},"end":{"line":282,"column":22}},"21":{"start":{"line":289,"column":8},"end":{"line":289,"column":67}},"22":{"start":{"line":291,"column":8},"end":{"line":291,"column":42}},"23":{"start":{"line":292,"column":8},"end":{"line":292,"column":102}},"24":{"start":{"line":301,"column":8},"end":{"line":301,"column":17}},"25":{"start":{"line":316,"column":8},"end":{"line":316,"column":60}},"26":{"start":{"line":324,"column":8},"end":{"line":324,"column":62}},"27":{"start":{"line":331,"column":8},"end":{"line":331,"column":59}},"28":{"start":{"line":338,"column":8},"end":{"line":338,"column":12286}},"29":{"start":{"line":339,"column":12},"end":{"line":339,"column":63}},"30":{"start":{"line":347,"column":8},"end":{"line":347,"column":30}},"31":{"start":{"line":350,"column":12},"end":{"line":350,"column":12632}},"32":{"start":{"line":351,"column":16},"end":{"line":351,"column":12677}},"33":{"start":{"line":352,"column":20},"end":{"line":352,"column":60}},"34":{"start":{"line":354,"column":20},"end":{"line":354,"column":12829}},"35":{"start":{"line":364,"column":24},"end":{"line":364,"column":13492}},"36":{"start":{"line":365,"column":28},"end":{"line":365,"column":61}},"37":{"start":{"line":367,"column":24},"end":{"line":367,"column":37}},"38":{"start":{"line":378,"column":8},"end":{"line":378,"column":48}},"39":{"start":{"line":379,"column":8},"end":{"line":379,"column":75}},"40":{"start":{"line":380,"column":8},"end":{"line":380,"column":55}},"41":{"start":{"line":381,"column":8},"end":{"line":381,"column":65}},"42":{"start":{"line":426,"column":8},"end":{"line":426,"column":40}},"43":{"start":{"line":428,"column":8},"end":{"line":428,"column":15905}},"44":{"start":{"line":429,"column":12},"end":{"line":429,"column":15951}},"45":{"start":{"line":433,"column":8},"end":{"line":433,"column":42}},"46":{"start":{"line":434,"column":8},"end":{"line":434,"column":41}},"47":{"start":{"line":445,"column":8},"end":{"line":445,"column":72}},"48":{"start":{"line":447,"column":8},"end":{"line":447,"column":45}},"49":{"start":{"line":462,"column":8},"end":{"line":462,"column":69}},"50":{"start":{"line":464,"column":8},"end":{"line":464,"column":67}},"51":{"start":{"line":465,"column":8},"end":{"line":465,"column":68}},"52":{"start":{"line":474,"column":8},"end":{"line":474,"column":50}},"53":{"start":{"line":485,"column":8},"end":{"line":485,"column":17857}},"54":{"start":{"line":517,"column":8},"end":{"line":517,"column":73}},"55":{"start":{"line":547,"column":8},"end":{"line":547,"column":65}},"56":{"start":{"line":549,"column":8},"end":{"line":549,"column":94}},"57":{"start":{"line":551,"column":8},"end":{"line":551,"column":100}},"58":{"start":{"line":554,"column":8},"end":{"line":554,"column":20501}},"59":{"start":{"line":555,"column":12},"end":{"line":555,"column":104}},"60":{"start":{"line":557,"column":8},"end":{"line":557,"column":60}},"61":{"start":{"line":559,"column":8},"end":{"line":559,"column":50}},"62":{"start":{"line":582,"column":12},"end":{"line":582,"column":21674}},"63":{"start":{"line":588,"column":12},"end":{"line":588,"column":21959}},"64":{"start":{"line":589,"column":16},"end":{"line":589,"column":49}},"65":{"start":{"line":591,"column":16},"end":{"line":591,"column":22188}},"66":{"start":{"line":593,"column":20},"end":{"line":593,"column":22313}},"67":{"start":{"line":595,"column":24},"end":{"line":595,"column":75}},"68":{"start":{"line":601,"column":8},"end":{"line":601,"column":40}},"69":{"start":{"line":602,"column":8},"end":{"line":602,"column":49}},"70":{"start":{"line":613,"column":8},"end":{"line":613,"column":46}},"71":{"start":{"line":637,"column":8},"end":{"line":637,"column":38}},"72":{"start":{"line":638,"column":8},"end":{"line":638,"column":23740}},"73":{"start":{"line":639,"column":12},"end":{"line":639,"column":23777}},"74":{"start":{"line":706,"column":8},"end":{"line":706,"column":26122}},"75":{"start":{"line":709,"column":12},"end":{"line":709,"column":83}},"76":{"start":{"line":711,"column":12},"end":{"line":711,"column":26404}},"77":{"start":{"line":736,"column":8},"end":{"line":736,"column":44}},"78":{"start":{"line":737,"column":8},"end":{"line":737,"column":52}},"79":{"start":{"line":739,"column":8},"end":{"line":739,"column":68}},"80":{"start":{"line":750,"column":12},"end":{"line":750,"column":82}},"81":{"start":{"line":757,"column":12},"end":{"line":757,"column":28039}},"82":{"start":{"line":762,"column":12},"end":{"line":762,"column":28}},"83":{"start":{"line":763,"column":12},"end":{"line":763,"column":49}},"84":{"start":{"line":788,"column":12},"end":{"line":788,"column":57}},"85":{"start":{"line":790,"column":12},"end":{"line":790,"column":30}},"86":{"start":{"line":792,"column":8},"end":{"line":792,"column":67}},"87":{"start":{"line":817,"column":8},"end":{"line":817,"column":44}},"88":{"start":{"line":818,"column":8},"end":{"line":818,"column":56}},"89":{"start":{"line":819,"column":8},"end":{"line":819,"column":52}},"90":{"start":{"line":820,"column":8},"end":{"line":820,"column":97}},"91":{"start":{"line":822,"column":8},"end":{"line":822,"column":68}},"92":{"start":{"line":831,"column":12},"end":{"line":831,"column":82}},"93":{"start":{"line":838,"column":12},"end":{"line":838,"column":31365}},"94":{"start":{"line":843,"column":12},"end":{"line":843,"column":95}},"95":{"start":{"line":845,"column":12},"end":{"line":845,"column":50}},"96":{"start":{"line":847,"column":8},"end":{"line":847,"column":67}},"97":{"start":{"line":868,"column":8},"end":{"line":868,"column":26}},"98":{"start":{"line":871,"column":12},"end":{"line":871,"column":32353}},"99":{"start":{"line":872,"column":16},"end":{"line":872,"column":43}},"100":{"start":{"line":873,"column":16},"end":{"line":873,"column":46}},"101":{"start":{"line":880,"column":16},"end":{"line":880,"column":50}},"102":{"start":{"line":880,"column":42},"end":{"line":880,"column":49}},"103":{"start":{"line":889,"column":8},"end":{"line":889,"column":34}},"104":{"start":{"line":900,"column":8},"end":{"line":900,"column":28}},"105":{"start":{"line":914,"column":8},"end":{"line":914,"column":65}},"106":{"start":{"line":916,"column":8},"end":{"line":916,"column":60}},"107":{"start":{"line":918,"column":8},"end":{"line":918,"column":100}},"108":{"start":{"line":920,"column":8},"end":{"line":920,"column":33902}},"109":{"start":{"line":922,"column":12},"end":{"line":922,"column":34120}},"110":{"start":{"line":923,"column":16},"end":{"line":923,"column":108}},"111":{"start":{"line":926,"column":8},"end":{"line":926,"column":58}},"112":{"start":{"line":946,"column":12},"end":{"line":946,"column":71}},"113":{"start":{"line":953,"column":12},"end":{"line":953,"column":35402}},"114":{"start":{"line":959,"column":12},"end":{"line":959,"column":35717}},"115":{"start":{"line":960,"column":16},"end":{"line":960,"column":49}},"116":{"start":{"line":962,"column":16},"end":{"line":962,"column":35946}},"117":{"start":{"line":964,"column":20},"end":{"line":964,"column":36071}},"118":{"start":{"line":966,"column":24},"end":{"line":966,"column":75}},"119":{"start":{"line":972,"column":8},"end":{"line":972,"column":48}},"120":{"start":{"line":973,"column":8},"end":{"line":973,"column":57}},"121":{"start":{"line":989,"column":8},"end":{"line":989,"column":49}},"122":{"start":{"line":990,"column":8},"end":{"line":990,"column":69}},"123":{"start":{"line":991,"column":8},"end":{"line":991,"column":31}},"124":{"start":{"line":996,"column":8},"end":{"line":996,"column":99}},"125":{"start":{"line":997,"column":8},"end":{"line":997,"column":40}},"126":{"start":{"line":1029,"column":8},"end":{"line":1029,"column":76}},"127":{"start":{"line":1030,"column":8},"end":{"line":1030,"column":77}},"128":{"start":{"line":1043,"column":8},"end":{"line":1043,"column":25}}},"branchMap":{"1":{"line":204,"type":"if","locations":[{"start":{"line":204,"column":8},"end":{"line":204,"column":8}},{"start":{"line":204,"column":8},"end":{"line":204,"column":8}}]},"2":{"line":289,"type":"if","locations":[{"start":{"line":289,"column":8},"end":{"line":289,"column":8}},{"start":{"line":289,"column":8},"end":{"line":289,"column":8}}]},"3":{"line":338,"type":"if","locations":[{"start":{"line":338,"column":8},"end":{"line":338,"column":8}},{"start":{"line":338,"column":8},"end":{"line":338,"column":8}}]},"4":{"line":350,"type":"if","locations":[{"start":{"line":350,"column":12},"end":{"line":350,"column":12}},{"start":{"line":350,"column":12},"end":{"line":350,"column":12}}]},"5":{"line":351,"type":"if","locations":[{"start":{"line":351,"column":16},"end":{"line":351,"column":16}},{"start":{"line":351,"column":16},"end":{"line":351,"column":16}}]},"6":{"line":354,"type":"if","locations":[{"start":{"line":354,"column":20},"end":{"line":354,"column":20}},{"start":{"line":354,"column":20},"end":{"line":354,"column":20}}]},"7":{"line":428,"type":"if","locations":[{"start":{"line":428,"column":8},"end":{"line":428,"column":8}},{"start":{"line":428,"column":8},"end":{"line":428,"column":8}}]},"8":{"line":429,"type":"if","locations":[{"start":{"line":429,"column":12},"end":{"line":429,"column":12}},{"start":{"line":429,"column":12},"end":{"line":429,"column":12}}]},"9":{"line":445,"type":"if","locations":[{"start":{"line":445,"column":8},"end":{"line":445,"column":8}},{"start":{"line":445,"column":8},"end":{"line":445,"column":8}}]},"10":{"line":462,"type":"if","locations":[{"start":{"line":462,"column":8},"end":{"line":462,"column":8}},{"start":{"line":462,"column":8},"end":{"line":462,"column":8}}]},"11":{"line":549,"type":"if","locations":[{"start":{"line":549,"column":8},"end":{"line":549,"column":8}},{"start":{"line":549,"column":8},"end":{"line":549,"column":8}}]},"12":{"line":554,"type":"if","locations":[{"start":{"line":554,"column":8},"end":{"line":554,"column":8}},{"start":{"line":554,"column":8},"end":{"line":554,"column":8}}]},"13":{"line":555,"type":"if","locations":[{"start":{"line":555,"column":12},"end":{"line":555,"column":12}},{"start":{"line":555,"column":12},"end":{"line":555,"column":12}}]},"14":{"line":557,"type":"if","locations":[{"start":{"line":557,"column":8},"end":{"line":557,"column":8}},{"start":{"line":557,"column":8},"end":{"line":557,"column":8}}]},"15":{"line":588,"type":"if","locations":[{"start":{"line":588,"column":12},"end":{"line":588,"column":12}},{"start":{"line":588,"column":12},"end":{"line":588,"column":12}}]},"16":{"line":591,"type":"if","locations":[{"start":{"line":591,"column":16},"end":{"line":591,"column":16}},{"start":{"line":591,"column":16},"end":{"line":591,"column":16}}]},"17":{"line":593,"type":"if","locations":[{"start":{"line":593,"column":20},"end":{"line":593,"column":20}},{"start":{"line":593,"column":20},"end":{"line":593,"column":20}}]},"18":{"line":638,"type":"if","locations":[{"start":{"line":638,"column":8},"end":{"line":638,"column":8}},{"start":{"line":638,"column":8},"end":{"line":638,"column":8}}]},"19":{"line":639,"type":"if","locations":[{"start":{"line":639,"column":12},"end":{"line":639,"column":12}},{"start":{"line":639,"column":12},"end":{"line":639,"column":12}}]},"20":{"line":711,"type":"if","locations":[{"start":{"line":711,"column":12},"end":{"line":711,"column":12}},{"start":{"line":711,"column":12},"end":{"line":711,"column":12}}]},"21":{"line":737,"type":"if","locations":[{"start":{"line":737,"column":8},"end":{"line":737,"column":8}},{"start":{"line":737,"column":8},"end":{"line":737,"column":8}}]},"22":{"line":788,"type":"if","locations":[{"start":{"line":788,"column":12},"end":{"line":788,"column":12}},{"start":{"line":788,"column":12},"end":{"line":788,"column":12}}]},"23":{"line":818,"type":"if","locations":[{"start":{"line":818,"column":8},"end":{"line":818,"column":8}},{"start":{"line":818,"column":8},"end":{"line":818,"column":8}}]},"24":{"line":819,"type":"if","locations":[{"start":{"line":819,"column":8},"end":{"line":819,"column":8}},{"start":{"line":819,"column":8},"end":{"line":819,"column":8}}]},"25":{"line":820,"type":"if","locations":[{"start":{"line":820,"column":8},"end":{"line":820,"column":8}},{"start":{"line":820,"column":8},"end":{"line":820,"column":8}}]},"26":{"line":871,"type":"if","locations":[{"start":{"line":871,"column":12},"end":{"line":871,"column":12}},{"start":{"line":871,"column":12},"end":{"line":871,"column":12}}]},"27":{"line":880,"type":"if","locations":[{"start":{"line":880,"column":16},"end":{"line":880,"column":16}},{"start":{"line":880,"column":16},"end":{"line":880,"column":16}}]},"28":{"line":920,"type":"if","locations":[{"start":{"line":920,"column":8},"end":{"line":920,"column":8}},{"start":{"line":920,"column":8},"end":{"line":920,"column":8}}]},"29":{"line":922,"type":"if","locations":[{"start":{"line":922,"column":12},"end":{"line":922,"column":12}},{"start":{"line":922,"column":12},"end":{"line":922,"column":12}}]},"30":{"line":923,"type":"if","locations":[{"start":{"line":923,"column":16},"end":{"line":923,"column":16}},{"start":{"line":923,"column":16},"end":{"line":923,"column":16}}]},"31":{"line":959,"type":"if","locations":[{"start":{"line":959,"column":12},"end":{"line":959,"column":12}},{"start":{"line":959,"column":12},"end":{"line":959,"column":12}}]},"32":{"line":962,"type":"if","locations":[{"start":{"line":962,"column":16},"end":{"line":962,"column":16}},{"start":{"line":962,"column":16},"end":{"line":962,"column":16}}]},"33":{"line":964,"type":"if","locations":[{"start":{"line":964,"column":20},"end":{"line":964,"column":20}},{"start":{"line":964,"column":20},"end":{"line":964,"column":20}}]},"34":{"line":990,"type":"if","locations":[{"start":{"line":990,"column":8},"end":{"line":990,"column":8}},{"start":{"line":990,"column":8},"end":{"line":990,"column":8}}]}}},
"contracts/IERC721A.sol":{"l":{},"path":"/home/ldzoid/Code/blank/LucijanDrnasin/contracts/IERC721A.sol","s":{},"b":{},"f":{},"fnMap":{},"statementMap":{},"branchMap":{}},
"contracts/Ownable.sol":{"l":{"27":48,"34":31,"41":30,"42":25,"53":0,"61":0,"62":0,"70":48,"71":48,"72":48},"path":"/home/ldzoid/Code/blank/LucijanDrnasin/contracts/Ownable.sol","s":{"1":48,"2":31,"3":30,"4":0,"5":0,"6":0,"7":48,"8":48,"9":48},"b":{"1":[25,5],"2":[0,0]},"f":{"1":48,"2":31,"3":30,"4":0,"5":0,"6":48},"fnMap":{"1":{"name":"constructor","line":26,"loc":{"start":{"line":26,"column":4},"end":{"line":28,"column":4}}},"2":{"name":"owner","line":33,"loc":{"start":{"line":33,"column":4},"end":{"line":35,"column":4}}},"3":{"name":"onlyOwner","line":40,"loc":{"start":{"line":40,"column":4},"end":{"line":43,"column":4}}},"4":{"name":"renounceOwnership","line":52,"loc":{"start":{"line":52,"column":4},"end":{"line":54,"column":4}}},"5":{"name":"transferOwnership","line":60,"loc":{"start":{"line":60,"column":4},"end":{"line":63,"column":4}}},"6":{"name":"_transferOwnership","line":69,"loc":{"start":{"line":69,"column":4},"end":{"line":73,"column":4}}}},"statementMap":{"1":{"start":{"line":27,"column":8},"end":{"line":27,"column":39}},"2":{"start":{"line":34,"column":8},"end":{"line":34,"column":21}},"3":{"start":{"line":41,"column":8},"end":{"line":41,"column":75}},"4":{"start":{"line":53,"column":8},"end":{"line":53,"column":37}},"5":{"start":{"line":61,"column":8},"end":{"line":61,"column":80}},"6":{"start":{"line":62,"column":8},"end":{"line":62,"column":35}},"7":{"start":{"line":70,"column":8},"end":{"line":70,"column":33}},"8":{"start":{"line":71,"column":8},"end":{"line":71,"column":24}},"9":{"start":{"line":72,"column":8},"end":{"line":72,"column":53}}},"branchMap":{"1":{"line":41,"type":"if","locations":[{"start":{"line":41,"column":8},"end":{"line":41,"column":8}},{"start":{"line":41,"column":8},"end":{"line":41,"column":8}}]},"2":{"line":61,"type":"if","locations":[{"start":{"line":61,"column":8},"end":{"line":61,"column":8}},{"start":{"line":61,"column":8},"end":{"line":61,"column":8}}]}}},
"contracts/Strings.sol":{"l":{"17":0,"18":0,"20":0,"21":0,"22":0,"23":0,"24":0,"26":0,"27":0,"28":0,"29":0,"30":0,"32":0,"39":0,"40":0,"42":0,"43":0,"44":0,"45":0,"46":0,"48":0,"55":0,"56":0,"57":0,"58":0,"59":0,"60":0,"62":0,"63":0},"path":"/home/ldzoid/Code/blank/LucijanDrnasin/contracts/Strings.sol","s":{"1":0,"2":0,"3":0,"4":0,"5":0,"6":0,"7":0,"8":0,"9":0,"10":0,"11":0,"12":0,"13":0,"14":0,"15":0,"16":0,"17":0,"18":0,"19":0,"20":0,"21":0,"22":0,"23":0,"24":0,"25":0,"26":0,"27":0},"b":{"1":[0,0],"2":[0,0],"3":[0,0]},"f":{"1":0,"2":0,"3":0},"fnMap":{"1":{"name":"toString","line":13,"loc":{"start":{"line":13,"column":4},"end":{"line":33,"column":4}}},"2":{"name":"toHexString","line":38,"loc":{"start":{"line":38,"column":4},"end":{"line":49,"column":4}}},"3":{"name":"toHexString","line":54,"loc":{"start":{"line":54,"column":4},"end":{"line":64,"column":4}}}},"statementMap":{"1":{"start":{"line":17,"column":8},"end":{"line":17,"column":552}},"2":{"start":{"line":18,"column":12},"end":{"line":18,"column":22}},"3":{"start":{"line":20,"column":8},"end":{"line":20,"column":28}},"4":{"start":{"line":21,"column":8},"end":{"line":21,"column":22}},"5":{"start":{"line":22,"column":8},"end":{"line":22,"column":666}},"6":{"start":{"line":24,"column":12},"end":{"line":24,"column":21}},"7":{"start":{"line":26,"column":8},"end":{"line":26,"column":47}},"8":{"start":{"line":27,"column":8},"end":{"line":27,"column":799}},"9":{"start":{"line":28,"column":12},"end":{"line":28,"column":22}},"10":{"start":{"line":29,"column":12},"end":{"line":29,"column":67}},"11":{"start":{"line":30,"column":12},"end":{"line":30,"column":22}},"12":{"start":{"line":32,"column":8},"end":{"line":32,"column":29}},"13":{"start":{"line":39,"column":8},"end":{"line":39,"column":1175}},"14":{"start":{"line":40,"column":12},"end":{"line":40,"column":25}},"15":{"start":{"line":42,"column":8},"end":{"line":42,"column":28}},"16":{"start":{"line":43,"column":8},"end":{"line":43,"column":26}},"17":{"start":{"line":44,"column":8},"end":{"line":44,"column":1296}},"18":{"start":{"line":46,"column":12},"end":{"line":46,"column":21}},"19":{"start":{"line":48,"column":8},"end":{"line":48,"column":41}},"20":{"start":{"line":55,"column":8},"end":{"line":55,"column":55}},"21":{"start":{"line":56,"column":8},"end":{"line":56,"column":22}},"22":{"start":{"line":57,"column":8},"end":{"line":57,"column":22}},"23":{"start":{"line":58,"column":8},"end":{"line":58,"column":1750}},"24":{"start":{"line":59,"column":12},"end":{"line":59,"column":48}},"25":{"start":{"line":60,"column":12},"end":{"line":60,"column":22}},"26":{"start":{"line":62,"column":8},"end":{"line":62,"column":62}},"27":{"start":{"line":63,"column":8},"end":{"line":63,"column":29}}},"branchMap":{"1":{"line":17,"type":"if","locations":[{"start":{"line":17,"column":8},"end":{"line":17,"column":8}},{"start":{"line":17,"column":8},"end":{"line":17,"column":8}}]},"2":{"line":39,"type":"if","locations":[{"start":{"line":39,"column":8},"end":{"line":39,"column":8}},{"start":{"line":39,"column":8},"end":{"line":39,"column":8}}]},"3":{"line":62,"type":"if","locations":[{"start":{"line":62,"column":8},"end":{"line":62,"column":8}},{"start":{"line":62,"column":8},"end":{"line":62,"column":8}}]}}}}
