TN:
SF:/home/ldzoid/Code/blank/LucijanDrnasin/contracts/BlankHoodie.sol
FN:24,constructor
FN:26,mint
FN:36,airDrop
FN:42,tokenURI
FN:60,setBaseURI
FN:64,setPaused
FN:68,setCost
FN:72,withdraw
FN:77,_baseURI
FNF:9
FNH:9
FNDA:48,constructor
FNDA:13,mint
FNDA:4,airDrop
FNDA:3,tokenURI
FNDA:1,setBaseURI
FNDA:18,setPaused
FNDA:1,setCost
FNDA:1,withdraw
FNDA:2,_baseURI
DA:28,13
DA:29,12
DA:30,12
DA:31,11
DA:33,8
DA:37,4
DA:39,3
DA:49,3
DA:54,2
DA:55,2
DA:61,1
DA:65,18
DA:69,1
DA:73,1
DA:74,1
DA:78,2
LF:16
LH:16
BRDA:28,1,0,1
BRDA:28,1,1,12
BRDA:29,2,0,0
BRDA:29,2,1,12
BRDA:30,3,0,1
BRDA:30,3,1,11
BRDA:31,4,0,3
BRDA:31,4,1,8
BRDA:37,5,0,1
BRDA:37,5,1,3
BRDA:49,6,0,2
BRDA:49,6,1,1
BRDA:74,7,0,1
BRDA:74,7,1,0
BRF:14
BRH:12
end_of_record
TN:
SF:/home/ldzoid/Code/blank/LucijanDrnasin/contracts/Context.sol
FN:15,_msgSender
FN:19,_msgData
FNF:2
FNH:1
FNDA:78,_msgSender
FNDA:0,_msgData
DA:16,78
DA:20,0
LF:2
LH:1
BRF:0
BRH:0
end_of_record
TN:
SF:/home/ldzoid/Code/blank/LucijanDrnasin/contracts/ERC721A.sol
FN:140,constructor
FN:154,_startTokenId
FN:161,_nextTokenId
FN:170,totalSupply
FN:181,_totalMinted
FN:192,_totalBurned
FN:203,balanceOf
FN:211,_numberMinted
FN:218,_numberBurned
FN:225,_getAux
FN:233,_setAux
FN:256,supportsInterface
FN:274,name
FN:281,symbol
FN:288,tokenURI
FN:300,_baseURI
FN:315,ownerOf
FN:323,_ownershipOf
FN:330,_ownershipAt
FN:337,_initializeOwnershipAt
FN:346,_packedOwnershipOf
FN:377,_unpackedOwnership
FN:387,_packOwnershipData
FN:399,_nextInitializedFlag
FN:425,approve
FN:444,getApproved
FN:461,setApprovalForAll
FN:473,isApprovedForAll
FN:484,_exists
FN:494,_isSenderApprovedOrOwner
FN:512,_getApprovedSlotAndAddress
FN:542,transferFrom
FN:608,safeTransferFrom
FN:631,safeTransferFrom
FN:660,_beforeTokenTransfers
FN:683,_afterTokenTransfers
FN:700,_checkContractOnERC721Received
FN:735,_mint
FN:816,_mintERC2309
FN:863,_safeMint
FN:888,_safeMint
FN:899,_burn
FN:913,_burn
FN:988,_setExtraDataAt
FN:1014,_extraData
FN:1024,_nextExtraData
FN:1042,_msgSenderERC721A
FN:1049,_toString
FNF:48
FNH:14
FNDA:48,constructor
FNDA:70,_startTokenId
FNDA:0,_nextTokenId
FNDA:16,totalSupply
FNDA:0,_totalMinted
FNDA:0,_totalBurned
FNDA:5,balanceOf
FNDA:0,_numberMinted
FNDA:0,_numberBurned
FNDA:0,_getAux
FNDA:0,_setAux
FNDA:0,supportsInterface
FNDA:0,name
FNDA:0,symbol
FNDA:0,tokenURI
FNDA:0,_baseURI
FNDA:3,ownerOf
FNDA:0,_ownershipOf
FNDA:0,_ownershipAt
FNDA:0,_initializeOwnershipAt
FNDA:3,_packedOwnershipOf
FNDA:0,_unpackedOwnership
FNDA:11,_packOwnershipData
FNDA:11,_nextInitializedFlag
FNDA:0,approve
FNDA:0,getApproved
FNDA:0,setApprovalForAll
FNDA:0,isApprovedForAll
FNDA:3,_exists
FNDA:0,_isSenderApprovedOrOwner
FNDA:0,_getApprovedSlotAndAddress
FNDA:0,transferFrom
FNDA:0,safeTransferFrom
FNDA:0,safeTransferFrom
FNDA:11,_beforeTokenTransfers
FNDA:11,_afterTokenTransfers
FNDA:0,_checkContractOnERC721Received
FNDA:11,_mint
FNDA:0,_mintERC2309
FNDA:0,_safeMint
FNDA:0,_safeMint
FNDA:0,_burn
FNDA:0,_burn
FNDA:0,_setExtraDataAt
FNDA:11,_extraData
FNDA:11,_nextExtraData
FNDA:0,_msgSenderERC721A
FNDA:0,_toString
DA:141,48
DA:142,48
DA:143,48
DA:155,70
DA:162,0
DA:173,16
DA:174,16
DA:184,0
DA:185,0
DA:193,0
DA:204,5
DA:205,5
DA:212,0
DA:219,0
DA:226,0
DA:234,0
DA:235,0
DA:237,0
DA:240,0
DA:241,0
DA:261,0
DA:275,0
DA:282,0
DA:289,0
DA:291,0
DA:292,0
DA:301,0
DA:316,3
DA:324,0
DA:331,0
DA:338,0
DA:339,0
DA:347,3
DA:349,3
DA:350,3
DA:351,3
DA:352,3
DA:354,3
DA:364,3
DA:365,2
DA:367,3
DA:371,0
DA:378,0
DA:379,0
DA:380,0
DA:381,0
DA:388,11
DA:401,11
DA:426,0
DA:428,0
DA:429,0
DA:430,0
DA:433,0
DA:434,0
DA:445,0
DA:447,0
DA:462,0
DA:464,0
DA:465,0
DA:474,0
DA:485,3
DA:499,0
DA:517,0
DA:519,0
DA:547,0
DA:549,0
DA:551,0
DA:554,0
DA:555,0
DA:557,0
DA:559,0
DA:562,0
DA:572,0
DA:574,0
DA:575,0
DA:582,0
DA:588,0
DA:589,0
DA:591,0
DA:593,0
DA:595,0
DA:601,0
DA:602,0
DA:613,0
DA:637,0
DA:638,0
DA:639,0
DA:640,0
DA:706,0
DA:709,0
DA:711,0
DA:712,0
DA:714,0
DA:736,11
DA:737,11
DA:739,11
DA:744,11
DA:750,11
DA:757,11
DA:762,11
DA:763,11
DA:766,11
DA:788,11
DA:790,11
DA:792,11
DA:817,0
DA:818,0
DA:819,0
DA:820,0
DA:822,0
DA:825,0
DA:831,0
DA:838,0
DA:843,0
DA:845,0
DA:847,0
DA:868,0
DA:870,0
DA:871,0
DA:872,0
DA:873,0
DA:874,0
DA:880,0
DA:889,0
DA:900,0
DA:914,0
DA:916,0
DA:918,0
DA:920,0
DA:922,0
DA:923,0
DA:926,0
DA:929,0
DA:939,0
DA:946,0
DA:953,0
DA:959,0
DA:960,0
DA:962,0
DA:964,0
DA:966,0
DA:972,0
DA:973,0
DA:976,0
DA:977,0
DA:989,0
DA:990,0
DA:991,0
DA:993,0
DA:996,0
DA:997,0
DA:1029,11
DA:1030,11
DA:1043,0
DA:1050,0
LF:155
LH:35
BRDA:204,1,0,0
BRDA:204,1,1,5
BRDA:289,2,0,0
BRDA:289,2,1,0
BRDA:338,3,0,0
BRDA:338,3,1,0
BRDA:350,4,0,3
BRDA:350,4,1,0
BRDA:351,5,0,3
BRDA:351,5,1,0
BRDA:354,6,0,3
BRDA:354,6,1,0
BRDA:428,7,0,0
BRDA:428,7,1,0
BRDA:429,8,0,0
BRDA:429,8,1,0
BRDA:445,9,0,0
BRDA:445,9,1,0
BRDA:462,10,0,0
BRDA:462,10,1,0
BRDA:549,11,0,0
BRDA:549,11,1,0
BRDA:554,12,0,0
BRDA:554,12,1,0
BRDA:555,13,0,0
BRDA:555,13,1,0
BRDA:557,14,0,0
BRDA:557,14,1,0
BRDA:588,15,0,0
BRDA:588,15,1,0
BRDA:591,16,0,0
BRDA:591,16,1,0
BRDA:593,17,0,0
BRDA:593,17,1,0
BRDA:638,18,0,0
BRDA:638,18,1,0
BRDA:639,19,0,0
BRDA:639,19,1,0
BRDA:711,20,0,0
BRDA:711,20,1,0
BRDA:737,21,0,0
BRDA:737,21,1,11
BRDA:788,22,0,0
BRDA:788,22,1,11
BRDA:818,23,0,0
BRDA:818,23,1,0
BRDA:819,24,0,0
BRDA:819,24,1,0
BRDA:820,25,0,0
BRDA:820,25,1,0
BRDA:871,26,0,0
BRDA:871,26,1,0
BRDA:880,27,0,0
BRDA:880,27,1,0
BRDA:920,28,0,0
BRDA:920,28,1,0
BRDA:922,29,0,0
BRDA:922,29,1,0
BRDA:923,30,0,0
BRDA:923,30,1,0
BRDA:959,31,0,0
BRDA:959,31,1,0
BRDA:962,32,0,0
BRDA:962,32,1,0
BRDA:964,33,0,0
BRDA:964,33,1,0
BRDA:990,34,0,0
BRDA:990,34,1,0
BRF:68
BRH:6
end_of_record
TN:
SF:/home/ldzoid/Code/blank/LucijanDrnasin/contracts/IERC721A.sol
FNF:0
FNH:0
LF:0
LH:0
BRF:0
BRH:0
end_of_record
TN:
SF:/home/ldzoid/Code/blank/LucijanDrnasin/contracts/Ownable.sol
FN:26,constructor
FN:33,owner
FN:40,onlyOwner
FN:52,renounceOwnership
FN:60,transferOwnership
FN:69,_transferOwnership
FNF:6
FNH:4
FNDA:48,constructor
FNDA:31,owner
FNDA:30,onlyOwner
FNDA:0,renounceOwnership
FNDA:0,transferOwnership
FNDA:48,_transferOwnership
DA:27,48
DA:34,31
DA:41,30
DA:42,25
DA:53,0
DA:61,0
DA:62,0
DA:70,48
DA:71,48
DA:72,48
LF:10
LH:7
BRDA:41,1,0,25
BRDA:41,1,1,5
BRDA:61,2,0,0
BRDA:61,2,1,0
BRF:4
BRH:2
end_of_record
TN:
SF:/home/ldzoid/Code/blank/LucijanDrnasin/contracts/Strings.sol
FN:13,toString
FN:38,toHexString
FN:54,toHexString
FNF:3
FNH:0
FNDA:0,toString
FNDA:0,toHexString
FNDA:0,toHexString
DA:17,0
DA:18,0
DA:20,0
DA:21,0
DA:22,0
DA:23,0
DA:24,0
DA:26,0
DA:27,0
DA:28,0
DA:29,0
DA:30,0
DA:32,0
DA:39,0
DA:40,0
DA:42,0
DA:43,0
DA:44,0
DA:45,0
DA:46,0
DA:48,0
DA:55,0
DA:56,0
DA:57,0
DA:58,0
DA:59,0
DA:60,0
DA:62,0
DA:63,0
LF:29
LH:0
BRDA:17,1,0,0
BRDA:17,1,1,0
BRDA:39,2,0,0
BRDA:39,2,1,0
BRDA:62,3,0,0
BRDA:62,3,1,0
BRF:6
BRH:0
end_of_record
